<?xml version="1.0" encoding="UTF-8"?>
<!-- Generated by org.testng.reporters.JUnitReportReporter -->
<testsuite hostname="M" failures="0" tests="1" name="demo.GoogleSearchTest" time="8.583" errors="0" timestamp="2024-12-14T15:42:47 IST" skipped="0">
  <testcase classname="demo.GoogleSearchTest" name="googleSearchTest" time="8.583"/>
  <system-out/>
</testsuite> <!-- demo.GoogleSearchTest -->
